Oct 18 18:39:24 lowbanner sudo: pam_unix(sudo:session): session closed for user root
Oct 18 18:39:24 lowbanner sudo:     root : TTY=pts/5 ; PWD=/ ; USER=root ; COMMAND=/usr/bin/apt-get install ipset
Oct 18 18:39:24 lowbanner sudo: pam_unix(sudo:session): session opened for user root by (uid=0)
Oct 18 18:39:26 lowbanner sudo: pam_unix(sudo:session): session closed for user root
Oct 18 18:39:26 lowbanner sudo:     root : TTY=pts/5 ; PWD=/ ; USER=root ; COMMAND=/usr/sbin/ipset create blacklist nethash
Oct 18 18:39:26 lowbanner sudo: pam_unix(sudo:session): session opened for user root by (uid=0)
Oct 18 18:39:26 lowbanner sudo: pam_unix(sudo:session): session closed for user root
Oct 18 18:44:44 lowbanner useradd[9224]: new group: name=test, GID=1001
Oct 18 18:44:44 lowbanner useradd[9224]: new user: name=test, UID=1001, GID=1001, home=/home/test, shell=/bin/sh, from=/dev/pts/5
Oct 18 18:44:51 lowbanner passwd[9233]: pam_unix(passwd:chauthtok): password changed for test
Oct 18 19:03:51 lowbanner sshd[9238]: Accepted password for test from 10.104.214.201 port 55592 ssh2
Oct 18 19:03:51 lowbanner sshd[9238]: pam_unix(sshd:session): session opened for user test by (uid=0)
Oct 18 19:03:51 lowbanner systemd-logind[110]: New session 537 of user test.
Oct 18 19:03:51 lowbanner systemd: pam_unix(systemd-user:session): session opened for user test by (uid=0)
Oct 18 19:04:31 lowbanner sshd[9256]: Received disconnect from 10.104.214.201 port 55592:11: disconnected by user
Oct 18 19:04:31 lowbanner sshd[9256]: Disconnected from user test 10.104.214.201 port 55592
Oct 18 19:04:31 lowbanner sshd[9238]: pam_unix(sshd:session): session closed for user test
Oct 18 19:04:31 lowbanner systemd-logind[110]: Session 537 logged out. Waiting for processes to exit.
Oct 18 19:04:31 lowbanner systemd-logind[110]: Removed session 537.
Oct 18 19:21:26 templatelowbanner sudo: pam_unix(sudo:session): session opened for user root by (uid=0)
Oct 18 19:21:26 templatelowbanner sudo: pam_unix(sudo:session): session closed for user root
Oct 18 19:21:27 templatelowbanner sudo:     root : TTY=pts/5 ; PWD=/ ; USER=root ; COMMAND=./install-snoopy.sh stable
Oct 18 19:21:27 templatelowbanner sudo: pam_unix(sudo:session): session opened for user root by (uid=0)
Oct 18 19:22:00 templatelowbanner sudo: pam_unix(sudo:session): session closed for user root
Oct 18 19:22:01 templatelowbanner snoopy[8912]: [uid:0 sid:8912 tty:/dev/pts/5 cwd:/ filename:/usr/bin/rm]: rm -rf ./install-snoopy.log ./install-snoopy.sh snoopy-2.5.1 snoopy-2.5.1.tar.gz
Oct 18 20:17:01 templatelowbanner CRON[8927]: pam_unix(cron:session): session opened for user root by (uid=0)
Oct 18 20:17:01 templatelowbanner CRON[8927]: pam_unix(cron:session): session closed for user root
Oct 18 21:17:01 templatelowbanner CRON[8934]: pam_unix(cron:session): session opened for user root by (uid=0)
Oct 18 21:17:01 templatelowbanner CRON[8934]: pam_unix(cron:session): session closed for user root
Oct 18 21:58:39 lowbanner sshd[109]: Server listening on 0.0.0.0 port 22.
Oct 18 21:58:39 lowbanner sshd[109]: Server listening on :: port 22.
Oct 18 21:58:40 lowbanner systemd-logind[105]: New seat seat0.
Oct 19 02:13:42 templatelowbanner sudo:     root : TTY=pts/5 ; PWD=/ ; USER=root ; COMMAND=/usr/bin/systemctl enable ssh --now
Oct 19 02:13:42 templatelowbanner sudo: pam_unix(sudo:session): session opened for user root by (uid=0)
Oct 19 02:13:43 templatelowbanner sudo: pam_unix(sudo:session): session closed for user root
Oct 19 02:13:43 templatelowbanner sudo:     root : TTY=pts/5 ; PWD=/ ; USER=root ; COMMAND=/usr/bin/apt-get install wget -y
Oct 19 02:13:43 templatelowbanner sudo: pam_unix(sudo:session): session opened for user root by (uid=0)
Oct 19 02:13:43 templatelowbanner sudo: pam_unix(sudo:session): session closed for user root
Oct 19 02:13:44 templatelowbanner sudo:     root : TTY=pts/5 ; PWD=/ ; USER=root ; COMMAND=./install-snoopy.sh stable
Oct 19 02:13:44 templatelowbanner sudo: pam_unix(sudo:session): session opened for user root by (uid=0)
Oct 19 02:14:18 templatelowbanner sudo: pam_unix(sudo:session): session closed for user root
Oct 19 02:14:18 templatelowbanner snoopy[8912]: [uid:0 sid:8912 tty:/dev/pts/5 cwd:/ filename:/usr/bin/rm]: rm -rf ./install-snoopy.log ./install-snoopy.sh snoopy-2.5.1 snoopy-2.5.1.tar.gz
Oct 19 02:14:27 lowbanner systemd-logind[103]: New seat seat0.
Oct 19 02:14:27 lowbanner sshd[111]: Server listening on 0.0.0.0 port 22.
Oct 19 02:14:27 lowbanner sshd[111]: Server listening on :: port 22.
Oct 19 02:15:54 lowbanner passwd[132]: pam_unix(passwd:chauthtok): password changed for elms
Oct 19 02:22:25 templatelowbanner sudo:     root : TTY=pts/5 ; PWD=/ ; USER=root ; COMMAND=/usr/bin/systemctl enable ssh --now
Oct 19 02:22:25 templatelowbanner sudo: pam_unix(sudo:session): session opened for user root by (uid=0)
Oct 19 02:22:25 templatelowbanner sudo: pam_unix(sudo:session): session closed for user root
Oct 19 02:22:25 templatelowbanner sudo:     root : TTY=pts/5 ; PWD=/ ; USER=root ; COMMAND=/usr/bin/apt-get install wget -y
Oct 19 02:22:25 templatelowbanner sudo: pam_unix(sudo:session): session opened for user root by (uid=0)
Oct 19 02:22:26 templatelowbanner sudo: pam_unix(sudo:session): session closed for user root
Oct 19 02:22:26 templatelowbanner sudo:     root : TTY=pts/5 ; PWD=/ ; USER=root ; COMMAND=./install-snoopy.sh stable
Oct 19 02:22:26 templatelowbanner sudo: pam_unix(sudo:session): session opened for user root by (uid=0)
Oct 19 02:23:00 templatelowbanner sudo: pam_unix(sudo:session): session closed for user root
Oct 19 02:23:00 templatelowbanner snoopy[8912]: [uid:0 sid:8912 tty:/dev/pts/5 cwd:/ filename:/usr/bin/rm]: rm -rf ./install-snoopy.log ./install-snoopy.sh snoopy-2.5.1 snoopy-2.5.1.tar.gz
Oct 19 02:25:29 lowbanner systemd-logind[105]: New seat seat0.
Oct 19 02:25:29 lowbanner sshd[111]: Server listening on 0.0.0.0 port 22.
Oct 19 02:25:29 lowbanner sshd[111]: Server listening on :: port 22.
Oct 19 02:33:12 lowbanner sudo:     root : TTY=pts/5 ; PWD=/ ; USER=root ; COMMAND=/usr/sbin/chpasswd
Oct 19 02:33:12 lowbanner sudo: pam_unix(sudo:session): session opened for user root by (uid=0)
Oct 19 02:33:12 lowbanner chpasswd[155]: pam_unix(chpasswd:chauthtok): user "test" does not exist in /etc/passwd
Oct 19 02:33:12 lowbanner sudo: pam_unix(sudo:session): session closed for user root
Oct 19 02:34:22 lowbanner sudo:     root : TTY=pts/5 ; PWD=/ ; USER=root ; COMMAND=/usr/sbin/reboot
Oct 19 02:34:22 lowbanner sudo: pam_unix(sudo:session): session opened for user root by (uid=0)
Oct 19 02:34:23 lowbanner systemd-logind[103]: New seat seat0.
Oct 19 02:34:23 lowbanner sshd[113]: Server listening on 0.0.0.0 port 22.
Oct 19 02:34:23 lowbanner sshd[113]: Server listening on :: port 22.
Oct 19 02:34:27 lowbanner sudo:     root : TTY=pts/5 ; PWD=/ ; USER=root ; COMMAND=/usr/sbin/chpasswd
Oct 19 02:34:27 lowbanner sudo: pam_unix(sudo:session): session opened for user root by (uid=0)
Oct 19 02:34:27 lowbanner chpasswd[124]: pam_unix(chpasswd:chauthtok): user "test" does not exist in /etc/passwd
Oct 19 02:34:27 lowbanner sudo: pam_unix(sudo:session): session closed for user root
Oct 19 02:35:40 lowbanner useradd[126]: new group: name=test2, GID=1002
Oct 19 02:35:40 lowbanner useradd[126]: new user: name=test2, UID=1002, GID=1002, home=/home/test2, shell=/bin/sh, from=/dev/pts/5
Oct 19 02:47:47 lowbanner sudo:     root : TTY=pts/5 ; PWD=/ ; USER=root ; COMMAND=/usr/sbin/chpasswd
Oct 19 02:47:47 lowbanner sudo: pam_unix(sudo:session): session opened for user root by (uid=0)
Oct 19 02:47:47 lowbanner chpasswd[141]: pam_unix(chpasswd:chauthtok): user "umd" does not exist in /etc/passwd
Oct 19 02:47:47 lowbanner sudo: pam_unix(sudo:session): session closed for user root
Oct 19 02:49:22 lowbanner sudo:     root : TTY=pts/5 ; PWD=/ ; USER=root ; COMMAND=/usr/sbin/chpasswd
Oct 19 02:49:22 lowbanner sudo: pam_unix(sudo:session): session opened for user root by (uid=0)
Oct 19 02:49:22 lowbanner chpasswd[154]: pam_unix(chpasswd:chauthtok): user "umd" does not exist in /etc/passwd
Oct 19 02:49:22 lowbanner sudo: pam_unix(sudo:session): session closed for user root
Oct 19 02:52:46 lowbanner sudo:     root : TTY=pts/5 ; PWD=/ ; USER=root ; COMMAND=/usr/sbin/chpasswd
Oct 19 02:52:46 lowbanner sudo: pam_unix(sudo:session): session opened for user root by (uid=0)
Oct 19 02:52:46 lowbanner chpasswd[176]: pam_unix(chpasswd:chauthtok): user "umd" does not exist in /etc/passwd
Oct 19 02:52:46 lowbanner sudo: pam_unix(sudo:session): session closed for user root
Oct 19 02:54:43 lowbanner sudo:     root : TTY=pts/5 ; PWD=/ ; USER=root ; COMMAND=/usr/sbin/chpasswd
Oct 19 02:54:43 lowbanner sudo: pam_unix(sudo:session): session opened for user root by (uid=0)
Oct 19 02:54:43 lowbanner chpasswd[181]: pam_unix(chpasswd:chauthtok): user "umd" does not exist in /etc/passwd
Oct 19 02:54:43 lowbanner sudo: pam_unix(sudo:session): session closed for user root
Oct 19 02:55:19 lowbanner useradd[190]: new group: name=testy, GID=1003
Oct 19 02:55:19 lowbanner useradd[190]: new user: name=testy, UID=1003, GID=1003, home=/home/testy, shell=/bin/sh, from=/dev/pts/5
Oct 19 02:55:28 lowbanner chpasswd[199]: pam_unix(chpasswd:chauthtok): password changed for testy
Oct 19 02:55:34 lowbanner su: (to testy) elms on pts/5
Oct 19 02:55:34 lowbanner su: pam_unix(su:session): session opened for user testy by (uid=0)
Oct 19 02:55:34 lowbanner systemd-logind[103]: New session 570 of user testy.
Oct 19 02:55:34 lowbanner systemd: pam_unix(systemd-user:session): session opened for user testy by (uid=0)
Oct 19 02:55:42 lowbanner su: pam_unix(su:session): session closed for user testy
Oct 19 02:55:42 lowbanner systemd-logind[103]: Session 570 logged out. Waiting for processes to exit.
Oct 19 02:55:42 lowbanner systemd-logind[103]: Removed session 570.
Oct 19 02:55:52 lowbanner systemd: pam_unix(systemd-user:session): session closed for user testy
Oct 19 02:55:57 lowbanner useradd[217]: new group: name=test3, GID=1004
Oct 19 02:55:57 lowbanner useradd[217]: new user: name=test3, UID=1004, GID=1004, home=/home/test3, shell=/bin/sh, from=/dev/pts/5
Oct 19 02:56:04 lowbanner sudo:     root : TTY=pts/5 ; PWD=/ ; USER=root ; COMMAND=/usr/sbin/chpasswd
Oct 19 02:56:04 lowbanner sudo: pam_unix(sudo:session): session opened for user root by (uid=0)
Oct 19 02:56:04 lowbanner chpasswd[228]: pam_unix(chpasswd:chauthtok): password changed for test3
Oct 19 02:56:04 lowbanner sudo: pam_unix(sudo:session): session closed for user root
Oct 19 02:56:17 lowbanner su: (to testy) elms on pts/5
Oct 19 02:56:17 lowbanner su: pam_unix(su:session): session opened for user testy by (uid=0)
Oct 19 02:56:17 lowbanner systemd-logind[103]: New session 570 of user testy.
Oct 19 02:56:17 lowbanner systemd: pam_unix(systemd-user:session): session opened for user testy by (uid=0)
Oct 19 02:56:23 lowbanner su: (to test3) elms on pts/5
Oct 19 02:56:23 lowbanner su: pam_unix(su:session): session opened for user test3 by (uid=1003)
Oct 19 02:56:25 lowbanner su: pam_unix(su:session): session closed for user test3
Oct 19 02:56:27 lowbanner su: pam_unix(su:session): session closed for user testy
Oct 19 02:56:27 lowbanner systemd-logind[103]: Session 570 logged out. Waiting for processes to exit.
Oct 19 02:56:27 lowbanner systemd-logind[103]: Removed session 570.
Oct 19 03:01:07 templatelowbanner sudo:     root : TTY=pts/5 ; PWD=/ ; USER=root ; COMMAND=/usr/bin/systemctl enable ssh --now
Oct 19 03:01:07 templatelowbanner sudo: pam_unix(sudo:session): session opened for user root by (uid=0)
Oct 19 03:01:08 templatelowbanner sudo: pam_unix(sudo:session): session closed for user root
Oct 19 03:01:08 templatelowbanner sudo:     root : TTY=pts/5 ; PWD=/ ; USER=root ; COMMAND=/usr/bin/apt-get install wget -y
Oct 19 03:01:08 templatelowbanner sudo: pam_unix(sudo:session): session opened for user root by (uid=0)
Oct 19 03:01:08 templatelowbanner sudo: pam_unix(sudo:session): session closed for user root
Oct 19 03:01:08 templatelowbanner sudo:     root : TTY=pts/5 ; PWD=/ ; USER=root ; COMMAND=./install-snoopy.sh stable
Oct 19 03:01:08 templatelowbanner sudo: pam_unix(sudo:session): session opened for user root by (uid=0)
Oct 19 03:01:45 templatelowbanner sudo: pam_unix(sudo:session): session closed for user root
Oct 19 03:01:45 templatelowbanner snoopy[8918]: [uid:0 sid:8918 tty:/dev/pts/5 cwd:/ filename:/usr/bin/rm]: rm -rf ./install-snoopy.log ./install-snoopy.sh snoopy-2.5.1 snoopy-2.5.1.tar.gz
Oct 19 03:04:28 lowbanner systemd-logind[104]: New seat seat0.
Oct 19 03:04:28 lowbanner sshd[111]: Server listening on 0.0.0.0 port 22.
Oct 19 03:04:28 lowbanner sshd[111]: Server listening on :: port 22.
Oct 19 03:07:10 lowbanner sshd[122]: Accepted password for elms from 10.0.3.1 port 56174 ssh2
Oct 19 03:07:10 lowbanner sshd[122]: pam_unix(sshd:session): session opened for user elms by (uid=0)
Oct 19 03:07:10 lowbanner systemd-logind[104]: New session 567 of user elms.
Oct 19 03:07:10 lowbanner systemd: pam_unix(systemd-user:session): session opened for user elms by (uid=0)
Oct 19 03:07:12 lowbanner sshd[140]: Received disconnect from 10.0.3.1 port 56174:11: disconnected by user
Oct 19 03:07:12 lowbanner sshd[140]: Disconnected from user elms 10.0.3.1 port 56174
Oct 19 03:07:12 lowbanner sshd[122]: pam_unix(sshd:session): session closed for user elms
Oct 19 03:07:12 lowbanner systemd-logind[104]: Session 567 logged out. Waiting for processes to exit.
Oct 19 03:07:12 lowbanner systemd-logind[104]: Removed session 567.
Oct 19 03:10:01 lowbanner CRON[149]: pam_unix(cron:session): session opened for user root by (uid=0)
Oct 19 03:10:01 lowbanner CRON[149]: pam_unix(cron:session): session closed for user root
Oct 19 03:11:17 lowbanner sshd[151]: Accepted password for elms from 10.0.3.1 port 38404 ssh2
Oct 19 03:11:17 lowbanner sshd[151]: pam_unix(sshd:session): session opened for user elms by (uid=0)
Oct 19 03:11:17 lowbanner systemd-logind[104]: New session 567 of user elms.
Oct 19 03:11:17 lowbanner systemd: pam_unix(systemd-user:session): session opened for user elms by (uid=0)
Oct 19 03:11:18 lowbanner sshd[169]: Received disconnect from 10.0.3.1 port 38404:11: disconnected by user
Oct 19 03:11:18 lowbanner sshd[169]: Disconnected from user elms 10.0.3.1 port 38404
Oct 19 03:11:18 lowbanner sshd[151]: pam_unix(sshd:session): session closed for user elms
Oct 19 03:11:18 lowbanner systemd-logind[104]: Session 567 logged out. Waiting for processes to exit.
Oct 19 03:11:18 lowbanner systemd-logind[104]: Removed session 567.
Oct 19 03:12:02 lowbanner sshd[174]: Accepted password for elms from 10.0.3.1 port 59386 ssh2
Oct 19 03:12:02 lowbanner sshd[174]: pam_unix(sshd:session): session opened for user elms by (uid=0)
Oct 19 03:12:02 lowbanner systemd-logind[104]: New session 567 of user elms.
Oct 19 03:12:02 lowbanner systemd: pam_unix(systemd-user:session): session opened for user elms by (uid=0)
Oct 19 03:12:04 lowbanner sshd[192]: Received disconnect from 10.0.3.1 port 59386:11: disconnected by user
Oct 19 03:12:04 lowbanner sshd[192]: Disconnected from user elms 10.0.3.1 port 59386
Oct 19 03:12:04 lowbanner sshd[174]: pam_unix(sshd:session): session closed for user elms
Oct 19 03:12:04 lowbanner systemd-logind[104]: Session 567 logged out. Waiting for processes to exit.
Oct 19 03:12:04 lowbanner systemd-logind[104]: Removed session 567.
Oct 19 03:16:54 lowbanner sshd[199]: Accepted password for elms from 10.0.3.1 port 57140 ssh2
Oct 19 03:16:54 lowbanner sshd[199]: pam_unix(sshd:session): session opened for user elms by (uid=0)
Oct 19 03:16:54 lowbanner systemd-logind[104]: New session 567 of user elms.
Oct 19 03:16:54 lowbanner systemd: pam_unix(systemd-user:session): session opened for user elms by (uid=0)
Oct 19 03:16:55 lowbanner sshd[217]: Received disconnect from 10.0.3.1 port 57140:11: disconnected by user
Oct 19 03:16:55 lowbanner sshd[217]: Disconnected from user elms 10.0.3.1 port 57140
Oct 19 03:16:55 lowbanner sshd[199]: pam_unix(sshd:session): session closed for user elms
Oct 19 03:16:55 lowbanner systemd-logind[104]: Session 567 logged out. Waiting for processes to exit.
Oct 19 03:16:55 lowbanner systemd-logind[104]: Removed session 567.
Oct 19 03:17:01 lowbanner CRON[221]: pam_unix(cron:session): session opened for user root by (uid=0)
Oct 19 03:17:01 lowbanner CRON[221]: pam_unix(cron:session): session closed for user root
Oct 19 03:17:20 lowbanner passwd[232]: pam_unix(passwd:chauthtok): password changed for elms
Oct 19 03:29:06 templatelowbanner sudo:     root : TTY=pts/5 ; PWD=/ ; USER=root ; COMMAND=/usr/bin/systemctl enable ssh --now
Oct 19 03:29:06 templatelowbanner sudo: pam_unix(sudo:session): session opened for user root by (uid=0)
Oct 19 03:29:06 templatelowbanner sudo: pam_unix(sudo:session): session closed for user root
Oct 19 03:29:06 templatelowbanner sudo:     root : TTY=pts/5 ; PWD=/ ; USER=root ; COMMAND=/usr/bin/apt-get install wget -y
Oct 19 03:29:06 templatelowbanner sudo: pam_unix(sudo:session): session opened for user root by (uid=0)
Oct 19 03:29:07 templatelowbanner sudo: pam_unix(sudo:session): session closed for user root
Oct 19 03:29:07 templatelowbanner sudo:     root : TTY=pts/5 ; PWD=/ ; USER=root ; COMMAND=./install-snoopy.sh stable
Oct 19 03:29:07 templatelowbanner sudo: pam_unix(sudo:session): session opened for user root by (uid=0)
Oct 19 03:29:41 templatelowbanner sudo: pam_unix(sudo:session): session closed for user root
Oct 19 03:29:41 templatelowbanner snoopy[8918]: [uid:0 sid:8918 tty:/dev/pts/5 cwd:/ filename:/usr/bin/rm]: rm -rf ./install-snoopy.log ./install-snoopy.sh snoopy-2.5.1 snoopy-2.5.1.tar.gz
Oct 19 03:33:12 lowbanner systemd-logind[105]: New seat seat0.
Oct 19 03:33:13 lowbanner sshd[111]: Server listening on 0.0.0.0 port 22.
Oct 19 03:33:13 lowbanner sshd[111]: Server listening on :: port 22.
Oct 19 03:29:06 templatelowbanner sudo:     root : TTY=pts/5 ; PWD=/ ; USER=root ; COMMAND=/usr/bin/apt-get install wget -y
Oct 19 03:29:06 templatelowbanner sudo: pam_unix(sudo:session): session opened for user root by (uid=0)
Oct 19 03:29:07 templatelowbanner sudo: pam_unix(sudo:session): session closed for user root
Oct 19 03:29:07 templatelowbanner sudo:     root : TTY=pts/5 ; PWD=/ ; USER=root ; COMMAND=./install-snoopy.sh stable
Oct 19 03:29:07 templatelowbanner sudo: pam_unix(sudo:session): session opened for user root by (uid=0)
Oct 19 03:29:41 templatelowbanner sudo: pam_unix(sudo:session): session closed for user root
Oct 19 03:29:41 templatelowbanner snoopy[8918]: [uid:0 sid:8918 tty:/dev/pts/5 cwd:/ filename:/usr/bin/rm]: rm -rf ./install-snoopy.log ./install-snoopy.sh snoopy-2.5.1 snoopy-2.5.1.tar.gz
Oct 19 03:33:12 lowbanner systemd-logind[105]: New seat seat0.
Oct 19 03:33:13 lowbanner sshd[111]: Server listening on 0.0.0.0 port 22.
Oct 19 03:33:13 lowbanner sshd[111]: Server listening on :: port 22.
Oct 19 04:17:01 lowbanner CRON[135]: pam_unix(cron:session): session opened for user root by (uid=0)
Oct 19 04:17:01 lowbanner CRON[135]: pam_unix(cron:session): session opened for user root by (uid=0)
Oct 19 04:17:01 lowbanner CRON[135]: pam_unix(cron:session): session closed for user root
Oct 19 04:17:01 lowbanner CRON[135]: pam_unix(cron:session): session closed for user root
Oct 19 05:17:01 lowbanner CRON[141]: pam_unix(cron:session): session opened for user root by (uid=0)
Oct 19 05:17:01 lowbanner CRON[141]: pam_unix(cron:session): session opened for user root by (uid=0)
Oct 19 05:17:01 lowbanner CRON[141]: pam_unix(cron:session): session closed for user root
Oct 19 05:17:01 lowbanner CRON[141]: pam_unix(cron:session): session closed for user root
Oct 19 06:17:01 lowbanner CRON[147]: pam_unix(cron:session): session opened for user root by (uid=0)
Oct 19 06:17:01 lowbanner CRON[147]: pam_unix(cron:session): session opened for user root by (uid=0)
Oct 19 06:17:01 lowbanner CRON[147]: pam_unix(cron:session): session closed for user root
Oct 19 06:17:01 lowbanner CRON[147]: pam_unix(cron:session): session closed for user root
Oct 19 06:25:01 lowbanner CRON[152]: pam_unix(cron:session): session opened for user root by (uid=0)
Oct 19 06:25:01 lowbanner CRON[152]: pam_unix(cron:session): session opened for user root by (uid=0)
Oct 19 06:25:01 lowbanner CRON[152]: pam_unix(cron:session): session closed for user root
Oct 19 06:25:01 lowbanner CRON[152]: pam_unix(cron:session): session closed for user root
Oct 19 07:17:01 lowbanner CRON[262]: pam_unix(cron:session): session opened for user root by (uid=0)
Oct 19 07:17:01 lowbanner CRON[262]: pam_unix(cron:session): session opened for user root by (uid=0)
Oct 19 07:17:01 lowbanner CRON[262]: pam_unix(cron:session): session closed for user root
Oct 19 07:17:01 lowbanner CRON[262]: pam_unix(cron:session): session closed for user root
Oct 19 08:17:01 lowbanner CRON[268]: pam_unix(cron:session): session opened for user root by (uid=0)
Oct 19 08:17:01 lowbanner CRON[268]: pam_unix(cron:session): session opened for user root by (uid=0)
Oct 19 08:17:01 lowbanner CRON[268]: pam_unix(cron:session): session closed for user root
Oct 19 08:17:01 lowbanner CRON[268]: pam_unix(cron:session): session closed for user root
Oct 19 09:17:01 lowbanner CRON[274]: pam_unix(cron:session): session opened for user root by (uid=0)
Oct 19 09:17:01 lowbanner CRON[274]: pam_unix(cron:session): session opened for user root by (uid=0)
Oct 19 09:17:01 lowbanner CRON[274]: pam_unix(cron:session): session closed for user root
Oct 19 09:17:01 lowbanner CRON[274]: pam_unix(cron:session): session closed for user root
Oct 19 10:17:01 lowbanner CRON[280]: pam_unix(cron:session): session opened for user root by (uid=0)
Oct 19 10:17:01 lowbanner CRON[280]: pam_unix(cron:session): session opened for user root by (uid=0)
Oct 19 10:17:01 lowbanner CRON[280]: pam_unix(cron:session): session closed for user root
Oct 19 10:17:01 lowbanner CRON[280]: pam_unix(cron:session): session closed for user root
Oct 19 11:17:01 lowbanner CRON[344]: pam_unix(cron:session): session opened for user root by (uid=0)
Oct 19 11:17:01 lowbanner CRON[344]: pam_unix(cron:session): session opened for user root by (uid=0)
Oct 19 11:17:01 lowbanner CRON[344]: pam_unix(cron:session): session closed for user root
Oct 19 11:17:01 lowbanner CRON[344]: pam_unix(cron:session): session closed for user root
Oct 19 12:17:01 lowbanner CRON[351]: pam_unix(cron:session): session opened for user root by (uid=0)
Oct 19 12:17:01 lowbanner CRON[351]: pam_unix(cron:session): session opened for user root by (uid=0)
Oct 19 12:17:01 lowbanner CRON[351]: pam_unix(cron:session): session closed for user root
Oct 19 12:17:01 lowbanner CRON[351]: pam_unix(cron:session): session closed for user root
Oct 19 13:17:01 lowbanner CRON[359]: pam_unix(cron:session): session opened for user root by (uid=0)
Oct 19 13:17:01 lowbanner CRON[359]: pam_unix(cron:session): session opened for user root by (uid=0)
Oct 19 13:17:01 lowbanner CRON[359]: pam_unix(cron:session): session closed for user root
Oct 19 13:17:01 lowbanner CRON[359]: pam_unix(cron:session): session closed for user root
Oct 19 14:17:01 lowbanner CRON[365]: pam_unix(cron:session): session opened for user root by (uid=0)
Oct 19 14:17:01 lowbanner CRON[365]: pam_unix(cron:session): session opened for user root by (uid=0)
Oct 19 14:17:01 lowbanner CRON[365]: pam_unix(cron:session): session closed for user root
Oct 19 14:17:01 lowbanner CRON[365]: pam_unix(cron:session): session closed for user root
Oct 19 15:17:01 lowbanner CRON[371]: pam_unix(cron:session): session opened for user root by (uid=0)
Oct 19 15:17:01 lowbanner CRON[371]: pam_unix(cron:session): session opened for user root by (uid=0)
Oct 19 15:17:01 lowbanner CRON[371]: pam_unix(cron:session): session closed for user root
Oct 19 15:17:01 lowbanner CRON[371]: pam_unix(cron:session): session closed for user root
Oct 19 16:17:01 lowbanner CRON[377]: pam_unix(cron:session): session opened for user root by (uid=0)
Oct 19 16:17:01 lowbanner CRON[377]: pam_unix(cron:session): session opened for user root by (uid=0)
Oct 19 16:17:01 lowbanner CRON[377]: pam_unix(cron:session): session closed for user root
Oct 19 16:17:01 lowbanner CRON[377]: pam_unix(cron:session): session closed for user root
Oct 19 17:17:01 lowbanner CRON[393]: pam_unix(cron:session): session opened for user root by (uid=0)
Oct 19 17:17:01 lowbanner CRON[393]: pam_unix(cron:session): session opened for user root by (uid=0)
Oct 19 17:17:01 lowbanner CRON[393]: pam_unix(cron:session): session closed for user root
Oct 19 17:17:01 lowbanner CRON[393]: pam_unix(cron:session): session closed for user root
Oct 19 18:17:01 lowbanner CRON[399]: pam_unix(cron:session): session opened for user root by (uid=0)
Oct 19 18:17:01 lowbanner CRON[399]: pam_unix(cron:session): session opened for user root by (uid=0)
Oct 19 18:17:01 lowbanner CRON[399]: pam_unix(cron:session): session closed for user root
Oct 19 18:17:01 lowbanner CRON[399]: pam_unix(cron:session): session closed for user root
Oct 19 19:17:01 lowbanner CRON[405]: pam_unix(cron:session): session opened for user root by (uid=0)
Oct 19 19:17:01 lowbanner CRON[405]: pam_unix(cron:session): session opened for user root by (uid=0)
Oct 19 19:17:01 lowbanner CRON[405]: pam_unix(cron:session): session closed for user root
Oct 19 19:17:01 lowbanner CRON[405]: pam_unix(cron:session): session closed for user root
Oct 19 20:17:01 lowbanner CRON[411]: pam_unix(cron:session): session opened for user root by (uid=0)
Oct 19 20:17:01 lowbanner CRON[411]: pam_unix(cron:session): session opened for user root by (uid=0)
Oct 19 20:17:01 lowbanner CRON[411]: pam_unix(cron:session): session closed for user root
Oct 19 20:17:01 lowbanner CRON[411]: pam_unix(cron:session): session closed for user root
Oct 19 21:17:01 lowbanner CRON[417]: pam_unix(cron:session): session opened for user root by (uid=0)
Oct 19 21:17:01 lowbanner CRON[417]: pam_unix(cron:session): session opened for user root by (uid=0)
Oct 19 21:17:01 lowbanner CRON[417]: pam_unix(cron:session): session closed for user root
Oct 19 21:17:01 lowbanner CRON[417]: pam_unix(cron:session): session closed for user root
Oct 19 22:17:01 lowbanner CRON[423]: pam_unix(cron:session): session opened for user root by (uid=0)
Oct 19 22:17:01 lowbanner CRON[423]: pam_unix(cron:session): session opened for user root by (uid=0)
Oct 19 22:17:01 lowbanner CRON[423]: pam_unix(cron:session): session closed for user root
Oct 19 22:17:01 lowbanner CRON[423]: pam_unix(cron:session): session closed for user root
