[uid:0 sid:8906 tty:/dev/pts/5 cwd:/ filename:/usr/bin/sudo]: sudo apt-get update
[uid:0 sid:8906 tty:/dev/pts/5 cwd:/ filename:/usr/bin/apt-get]: apt-get update
[uid:0 sid:8906 tty:(none) cwd:/ filename:/usr/lib/apt/methods/http]: /usr/lib/apt/methods/http
[uid:0 sid:8906 tty:(none) cwd:/ filename:/usr/lib/apt/methods/http]: /usr/lib/apt/methods/http
[uid:0 sid:8906 tty:(none) cwd:/ filename:/usr/lib/apt/methods/http]: /usr/lib/apt/methods/http
[uid:0 sid:8906 tty:(none) cwd:/ filename:/usr/lib/apt/methods/gpgv]: /usr/lib/apt/methods/gpgv
[uid:0 sid:8906 tty:(none) cwd:/ filename:/usr/lib/apt/methods/gpgv]: /usr/lib/apt/methods/gpgv
[uid:0 sid:9069 tty:/dev/pts/5 cwd:/ filename:/usr/bin/sudo]: sudo apt-get install iptables
[uid:0 sid:9069 tty:/dev/pts/5 cwd:/ filename:/usr/bin/apt-get]: apt-get install iptables
[uid:0 sid:9069 tty:/dev/pts/5 cwd:/tmp filename:/usr/lib/ubuntu-advantage/apt-esm-hook]: /usr/lib/ubuntu-advantage/apt-esm-hook pre-invoke
[uid:0 sid:9069 tty:(none) cwd:/ filename:/usr/lib/apt/methods/http]: /usr/lib/apt/methods/http
[uid:0 sid:9069 tty:(none) cwd:/ filename:/usr/lib/apt/methods/http]: /usr/lib/apt/methods/http
[uid:0 sid:9069 tty:(none) cwd:/ filename:/bin/sh]: /bin/sh -c /usr/sbin/dpkg-preconfigure --apt || true
[uid:0 sid:9069 tty:(none) cwd:/ filename:/usr/sbin/dpkg-preconfigure]: /usr/sbin/dpkg-preconfigure --apt
[uid:0 sid:9069 tty:/dev/tty cwd:/ filename:/usr/bin/stty]: stty -a
[uid:0 sid:9069 tty:/dev/tty cwd:/ filename:/usr/bin/stty]: stty -a
[uid:0 sid:9138 tty:/dev/pts/6 cwd:/ filename:/usr/bin/update-alternatives]: update-alternatives --install /usr/sbin/iptables iptables /usr/sbin/iptables-legacy 20 --slave /usr/sbin/iptables-restore iptables-restore /usr/sbin/iptables-legacy-restore --slave /usr/sbin/iptables-save iptables-save /usr/sbin/iptables-legacy-save
[uid:0 sid:9138 tty:/dev/pts/6 cwd:/ filename:/usr/bin/update-alternatives]: update-alternatives --install /usr/sbin/ip6tables ip6tables /usr/sbin/ip6tables-legacy 20 --slave /usr/sbin/ip6tables-restore ip6tables-restore /usr/sbin/ip6tables-legacy-restore --slave /usr/sbin/ip6tables-save ip6tables-save /usr/sbin/ip6tables-legacy-save
[uid:0 sid:9138 tty:/dev/pts/6 cwd:/ filename:/usr/bin/update-alternatives]: update-alternatives --install /usr/sbin/iptables iptables /usr/sbin/iptables-nft 10 --slave /usr/sbin/iptables-restore iptables-restore /usr/sbin/iptables-nft-restore --slave /usr/sbin/iptables-save iptables-save /usr/sbin/iptables-nft-save
[uid:0 sid:9138 tty:/dev/pts/6 cwd:/ filename:/usr/bin/update-alternatives]: update-alternatives --install /usr/sbin/ip6tables ip6tables /usr/sbin/ip6tables-nft 10 --slave /usr/sbin/ip6tables-restore ip6tables-restore /usr/sbin/ip6tables-nft-restore --slave /usr/sbin/ip6tables-save ip6tables-save /usr/sbin/ip6tables-nft-save
[uid:0 sid:9138 tty:/dev/pts/6 cwd:/ filename:/usr/bin/update-alternatives]: update-alternatives --install /usr/sbin/arptables arptables /usr/sbin/arptables-nft 10 --slave /usr/sbin/arptables-restore arptables-restore /usr/sbin/arptables-nft-restore --slave /usr/sbin/arptables-save arptables-save /usr/sbin/arptables-nft-save
[uid:0 sid:9138 tty:/dev/pts/6 cwd:/ filename:/usr/bin/update-alternatives]: update-alternatives --install /usr/sbin/ebtables ebtables /usr/sbin/ebtables-nft 10 --slave /usr/sbin/ebtables-restore ebtables-restore /usr/sbin/ebtables-nft-restore --slave /usr/sbin/ebtables-save ebtables-save /usr/sbin/ebtables-nft-save
[uid:0 sid:9138 tty:/dev/pts/6 cwd:/ filename:/usr/sbin/ldconfig]: ldconfig
[uid:0 sid:9138 tty:/dev/pts/6 cwd:/ filename:/sbin/ldconfig.real]: /sbin/ldconfig.real
[uid:0 sid:9069 tty:/dev/pts/5 cwd:/tmp filename:/usr/lib/ubuntu-advantage/apt-esm-hook]: /usr/lib/ubuntu-advantage/apt-esm-hook post-invoke-success
[uid:0 sid:9154 tty:/dev/pts/5 cwd:/ filename:/usr/bin/sudo]: sudo apt-get install ipset
[uid:0 sid:9154 tty:/dev/pts/5 cwd:/ filename:/usr/bin/apt-get]: apt-get install ipset
[uid:0 sid:9154 tty:/dev/pts/5 cwd:/tmp filename:/usr/lib/ubuntu-advantage/apt-esm-hook]: /usr/lib/ubuntu-advantage/apt-esm-hook pre-invoke
[uid:0 sid:9154 tty:(none) cwd:/ filename:/usr/lib/apt/methods/http]: /usr/lib/apt/methods/http
[uid:0 sid:9154 tty:(none) cwd:/ filename:/usr/lib/apt/methods/http]: /usr/lib/apt/methods/http
[uid:0 sid:9154 tty:(none) cwd:/ filename:/bin/sh]: /bin/sh -c /usr/sbin/dpkg-preconfigure --apt || true
[uid:0 sid:9154 tty:(none) cwd:/ filename:/usr/sbin/dpkg-preconfigure]: /usr/sbin/dpkg-preconfigure --apt
[uid:0 sid:9154 tty:/dev/tty cwd:/ filename:/usr/bin/stty]: stty -a
[uid:0 sid:9154 tty:/dev/tty cwd:/ filename:/usr/bin/stty]: stty -a
[uid:0 sid:9177 tty:/dev/pts/6 cwd:/ filename:/usr/bin/dpkg-maintscript-helper]: dpkg-maintscript-helper rm_conffile /etc/bash_completion.d/ipset 6.25.1-1~ ipset -- install
[uid:0 sid:9177 tty:/dev/pts/6 cwd:/ filename:/usr/bin/basename]: basename /usr/bin/dpkg-maintscript-helper
[uid:0 sid:9177 tty:/dev/pts/6 cwd:/ filename:/usr/bin/dpkg]: dpkg --validate-version -- 6.25.1-1~
[uid:0 sid:9200 tty:/dev/pts/6 cwd:/ filename:/usr/bin/dpkg-maintscript-helper]: dpkg-maintscript-helper rm_conffile /etc/bash_completion.d/ipset 6.25.1-1~ ipset -- configure 
[uid:0 sid:9200 tty:/dev/pts/6 cwd:/ filename:/usr/bin/basename]: basename /usr/bin/dpkg-maintscript-helper
[uid:0 sid:9200 tty:/dev/pts/6 cwd:/ filename:/usr/bin/dpkg]: dpkg --validate-version -- 6.25.1-1~
[uid:0 sid:9200 tty:/dev/pts/6 cwd:/ filename:/usr/sbin/ldconfig]: ldconfig
[uid:0 sid:9200 tty:/dev/pts/6 cwd:/ filename:/sbin/ldconfig.real]: /sbin/ldconfig.real
[uid:0 sid:9154 tty:/dev/pts/5 cwd:/tmp filename:/usr/lib/ubuntu-advantage/apt-esm-hook]: /usr/lib/ubuntu-advantage/apt-esm-hook post-invoke-success
[uid:0 sid:9213 tty:/dev/pts/5 cwd:/ filename:/usr/bin/sudo]: sudo ipset create blacklist nethash
[uid:0 sid:9213 tty:/dev/pts/5 cwd:/ filename:/usr/sbin/ipset]: ipset create blacklist nethash
[uid:0 sid:9216 tty:/dev/pts/5 cwd:/ filename:/usr/bin/groups]: groups
[uid:0 sid:9216 tty:/dev/pts/5 cwd:/ filename:/usr/bin/lesspipe]: lesspipe
[uid:0 sid:9216 tty:/dev/pts/5 cwd:/ filename:/usr/bin/basename]: basename /usr/bin/lesspipe
[uid:0 sid:9216 tty:/dev/pts/5 cwd:/ filename:/usr/bin/dirname]: dirname /usr/bin/lesspipe
[uid:0 sid:9216 tty:/dev/pts/5 cwd:/ filename:/usr/bin/dircolors]: dircolors -b
[uid:0 sid:9216 tty:/dev/pts/5 cwd:/ filename:/usr/bin/ls]: ls --color=auto
[uid:0 sid:9216 tty:/dev/pts/5 cwd:/ filename:/usr/sbin/useradd]: useradd -m test
[uid:0 sid:9216 tty:/dev/pts/5 cwd:/ filename:/usr/sbin/nscd]: nscd -i passwd
[uid:0 sid:9216 tty:/dev/pts/5 cwd:/ filename:/usr/sbin/nscd]: nscd -i group
[uid:0 sid:9216 tty:/dev/pts/5 cwd:/ filename:/usr/sbin/sss_cache]: sss_cache -UG
[uid:0 sid:9216 tty:/dev/pts/5 cwd:/ filename:/usr/sbin/nscd]: nscd -i passwd
[uid:0 sid:9216 tty:/dev/pts/5 cwd:/ filename:/usr/sbin/nscd]: nscd -i group
[uid:0 sid:9216 tty:/dev/pts/5 cwd:/ filename:/usr/sbin/sss_cache]: sss_cache -UG
[uid:0 sid:9216 tty:/dev/pts/5 cwd:/ filename:/usr/bin/passwd]: passwd test
[uid:0 sid:9216 tty:/dev/pts/5 cwd:/home filename:/usr/bin/ls]: ls --color=auto
[uid:0 sid:9238 tty:(none) cwd:/ filename:/usr/bin/env]: /usr/bin/env -i PATH=/usr/local/sbin:/usr/local/bin:/usr/sbin:/usr/bin:/sbin:/bin run-parts --lsbsysinit /etc/update-motd.d
[uid:0 sid:9238 tty:(none) cwd:/ filename:/etc/update-motd.d/00-header]: /etc/update-motd.d/00-header
[uid:0 sid:9238 tty:(none) cwd:/ filename:/usr/bin/uname]: uname -o
[uid:0 sid:9238 tty:(none) cwd:/ filename:/usr/bin/uname]: uname -r
[uid:0 sid:9238 tty:(none) cwd:/ filename:/usr/bin/uname]: uname -m
[uid:0 sid:9238 tty:(none) cwd:/ filename:/etc/update-motd.d/10-help-text]: /etc/update-motd.d/10-help-text
[uid:0 sid:9238 tty:(none) cwd:/ filename:/etc/update-motd.d/50-motd-news]: /etc/update-motd.d/50-motd-news
[uid:0 sid:9238 tty:(none) cwd:/ filename:/etc/update-motd.d/88-esm-announce]: /etc/update-motd.d/88-esm-announce
[uid:0 sid:9238 tty:(none) cwd:/ filename:/etc/update-motd.d/91-contract-ua-esm-status]: /etc/update-motd.d/91-contract-ua-esm-status
